In file included from /home/kienzler/.node-gyp/0.10.4/src/node.h:61,
                 from ../src/bufferutil.cc:8:
/home/kienzler/.node-gyp/0.10.4/deps/uv/include/uv.h:59:36: warning: sys/types.h: Datei oder Verzeichnis nicht gefunden
In file included from /home/kienzler/.node-gyp/0.10.4/deps/uv/include/uv.h:67,
                 from /home/kienzler/.node-gyp/0.10.4/src/node.h:61,
                 from ../src/bufferutil.cc:8:
/home/kienzler/.node-gyp/0.10.4/deps/uv/include/uv-private/uv-unix.h:28:22: warning: sys/stat.h: Datei oder Verzeichnis nicht gefunden
/home/kienzler/.node-gyp/0.10.4/deps/uv/include/uv-private/uv-unix.h:31:24: warning: sys/socket.h: Datei oder Verzeichnis nicht gefunden
In file included from /usr/include/stdio.h:36,
                 from /home/kienzler/.node-gyp/0.10.4/deps/v8/include/v8stdint.h:34,
                 from /home/kienzler/.node-gyp/0.10.4/deps/v8/include/v8.h:41,
                 from ../src/bufferutil.cc:7:
/usr/include/bits/types.h:31: error: expected constructor, destructor, or type conversion before ‘typedef’
In file included from /home/kienzler/.node-gyp/0.10.4/deps/v8/include/v8stdint.h:34,
                 from /home/kienzler/.node-gyp/0.10.4/deps/v8/include/v8.h:41,
                 from ../src/bufferutil.cc:7:
/usr/include/stdio.h:49: error: expected constructor, destructor, or type conversion before ‘typedef’
/usr/include/stdio.h:50: error: ‘__END_NAMESPACE_STD’ does not name a type
In file included from /usr/include/stdio.h:75,
                 from /home/kienzler/.node-gyp/0.10.4/deps/v8/include/v8stdint.h:34,
                 from /home/kienzler/.node-gyp/0.10.4/deps/v8/include/v8.h:41,
                 from ../src/bufferutil.cc:7:
/usr/include/libio.h:462: error: expected initializer before ‘__THROW’
/usr/include/libio.h:463: error: expected initializer before ‘__THROW’
/usr/include/libio.h:471: error: expected initializer before ‘__THROW’
/usr/include/libio.h:472: error: expected initializer before ‘__THROW’
/usr/include/libio.h:473: error: expected initializer before ‘__THROW’
/usr/include/libio.h:500: error: expected initializer before ‘__THROW’
In file included from /home/kienzler/.node-gyp/0.10.4/deps/v8/include/v8stdint.h:34,
                 from /home/kienzler/.node-gyp/0.10.4/deps/v8/include/v8.h:41,
                 from ../src/bufferutil.cc:7:
/usr/include/stdio.h:93: error: expected constructor, destructor, or type conversion before ‘typedef’
/usr/include/stdio.h:97: error: expected constructor, destructor, or type conversion before ‘typedef’
In file included from /home/kienzler/.node-gyp/0.10.4/deps/v8/include/v8stdint.h:34,
                 from /home/kienzler/.node-gyp/0.10.4/deps/v8/include/v8.h:41,
                 from ../src/bufferutil.cc:7:
/usr/include/stdio.h:155: error: expected constructor, destructor, or type conversion before ‘extern’
/usr/include/stdio.h:157: error: expected initializer before ‘__THROW’
/usr/include/stdio.h:162: error: expected constructor, destructor, or type conversion before ‘extern’
/usr/include/stdio.h:182: error: expected constructor, destructor, or type conversion before ‘extern’
/usr/include/stdio.h:186: error: expected initializer before ‘__THROW’
/usr/include/stdio.h:192: error: expected constructor, destructor, or type conversion before ‘extern’
/usr/include/stdio.h:205: error: expected initializer before ‘__THROW’
/usr/include/stdio.h:214: error: expected constructor, destructor, or type conversion before ‘extern’
/usr/include/stdio.h:219: error: ‘FILE’ was not declared in this scope
/usr/include/stdio.h:219: error: ‘__stream’ was not declared in this scope
/usr/include/stdio.h:229: error: expected constructor, destructor, or type conversion before ‘extern’
/usr/include/stdio.h:243: error: ‘__BEGIN_NAMESPACE_STD’ does not name a type
/usr/include/stdio.h:276: error: expected initializer before ‘*’ token
/usr/include/stdio.h:283: error: expected initializer before ‘*’ token
/usr/include/stdio.h:289: error: expected initializer before ‘*’ token
/usr/include/stdio.h:296: error: expected initializer before ‘*’ token
/usr/include/stdio.h:302: error: expected initializer before ‘*’ token
/usr/include/stdio.h:309: error: expected constructor, destructor, or type conversion before ‘extern’
/usr/include/stdio.h:313: error: ‘FILE’ was not declared in this scope
/usr/include/stdio.h:313: error: expected primary-expression before ‘__restrict__’
/usr/include/stdio.h:313: error: expected primary-expression before ‘char’
/usr/include/stdio.h:314: error: expected primary-expression before ‘int’
/usr/include/stdio.h:314: error: expected primary-expression before ‘__n’
/usr/include/stdio.h:314: error: initializer expression list treated as compound expression
/usr/include/stdio.h:314: error: expected ‘,’ or ‘;’ before ‘__THROW’
/usr/include/stdio.h:320: error: expected constructor, destructor, or type conversion before ‘extern’
/usr/include/stdio.h:324: error: variable or field ‘setlinebuf’ declared void
/usr/include/stdio.h:324: error: ‘FILE’ was not declared in this scope
/usr/include/stdio.h:324: error: ‘__stream’ was not declared in this scope
/usr/include/stdio.h:333: error: expected constructor, destructor, or type conversion before ‘extern’
/usr/include/stdio.h:342: error: expected initializer before ‘__THROW’
/usr/include/stdio.h:348: error: ‘FILE’ was not declared in this scope
/usr/include/stdio.h:348: error: expected primary-expression before ‘__restrict__’
/usr/include/stdio.h:348: error: expected primary-expression before ‘const’
/usr/include/stdio.h:349: error: expected primary-expression before ‘__arg’
/usr/include/stdio.h:349: error: initializer expression list treated as compound expression
/usr/include/stdio.h:357: error: expected initializer before ‘__THROW’
/usr/include/stdio.h:358: error: ‘__END_NAMESPACE_STD’ does not name a type
/usr/include/stdio.h:369: error: expected initializer before ‘__THROW’
/usr/include/stdio.h:376: error: expected constructor, destructor, or type conversion before ‘extern’
/usr/include/stdio.h:381: error: expected initializer before ‘__THROW’
/usr/include/stdio.h:384: error: expected initializer before ‘__THROW’
/usr/include/stdio.h:407: error: expected constructor, destructor, or type conversion before ‘extern’
/usr/include/stdio.h:413: error: expected initializer before ‘__wur’
/usr/include/stdio.h:416: error: expected initializer before ‘__THROW’
/usr/include/stdio.h:445: error: ‘__END_NAMESPACE_STD’ does not name a type
/usr/include/stdio.h:462: error: expected initializer before ‘__wur’
/usr/include/stdio.h:467: error: expected initializer before ‘__THROW’
/usr/include/stdio.h:504: error: ‘__END_NAMESPACE_C99’ does not name a type
/usr/include/stdio.h:514: error: ‘FILE’ was not declared in this scope
/usr/include/stdio.h:514: error: ‘__stream’ was not declared in this scope
/usr/include/stdio.h:532: error: expected constructor, destructor, or type conversion before ‘extern’
/usr/include/stdio.h:543: error: ‘FILE’ was not declared in this scope
/usr/include/stdio.h:543: error: ‘__stream’ was not declared in this scope
/usr/include/stdio.h:555: error: expected constructor, destructor, or type conversion before ‘extern’
/usr/include/stdio.h:556: error: ‘FILE’ has not been declared
/usr/include/stdio.h:576: error: expected constructor, destructor, or type conversion before ‘extern’
/usr/include/stdio.h:584: error: ‘FILE’ has not been declared
/usr/include/stdio.h:592: error: ‘FILE’ was not declared in this scope
/usr/include/stdio.h:592: error: ‘__stream’ was not declared in this scope
/usr/include/stdio.h:595: error: ‘FILE’ has not been declared
/usr/include/stdio.h:604: error: expected constructor, destructor, or type conversion before ‘extern’
/usr/include/stdio.h:612: error: expected initializer before ‘__wur’
/usr/include/stdio.h:622: error: expected constructor, destructor, or type conversion before ‘extern’
/usr/include/stdio.h:640: error: ‘FILE’ has not been declared
/usr/include/stdio.h:640: error: expected initializer before ‘__wur’
/usr/include/stdio.h:643: error: ‘FILE’ has not been declared
/usr/include/stdio.h:643: error: expected initializer before ‘__wur’
/usr/include/stdio.h:653: error: ‘FILE’ has not been declared
/usr/include/stdio.h:653: error: expected initializer before ‘__wur’
/usr/include/stdio.h:662: error: expected constructor, destructor, or type conversion before ‘extern’
/usr/include/stdio.h:675: error: ‘FILE’ has not been declared
/usr/include/stdio.h:683: error: ‘FILE’ has not been declared
/usr/include/stdio.h:683: error: expected initializer before ‘__wur’
/usr/include/stdio.h:689: error: ‘FILE’ has not been declared
/usr/include/stdio.h:689: error: expected initializer before ‘__wur’
/usr/include/stdio.h:699: error: expected constructor, destructor, or type conversion before ‘extern’
/usr/include/stdio.h:711: error: ‘FILE’ has not been declared
/usr/include/stdio.h:711: error: expected initializer before ‘__wur’
/usr/include/stdio.h:713: error: ‘FILE’ has not been declared
/usr/include/stdio.h:713: error: expected initializer before ‘__wur’
/usr/include/stdio.h:722: error: expected constructor, destructor, or type conversion before ‘extern’
/usr/include/stdio.h:727: error: ‘FILE’ was not declared in this scope
/usr/include/stdio.h:727: error: ‘__stream’ was not declared in this scope
/usr/include/stdio.h:727: error: expected ‘,’ or ‘;’ before ‘__wur’
/usr/include/stdio.h:732: error: variable or field ‘rewind’ declared void
/usr/include/stdio.h:732: error: ‘FILE’ was not declared in this scope
/usr/include/stdio.h:732: error: ‘__stream’ was not declared in this scope
/usr/include/stdio.h:733: error: ‘__END_NAMESPACE_STD’ does not name a type
/usr/include/stdio.h:792: error: ‘FILE’ was not declared in this scope
/usr/include/stdio.h:792: error: ‘__stream’ was not declared in this scope
/usr/include/stdio.h:792: error: expected ‘,’ or ‘;’ before ‘__wur’
/usr/include/stdio.h:793: error: ‘FILE’ was not declared in this scope
/usr/include/stdio.h:793: error: expected primary-expression before ‘__restrict__’
/usr/include/stdio.h:793: error: ‘fpos64_t’ was not declared in this scope
/usr/include/stdio.h:793: error: expected primary-expression before ‘__restrict__’
/usr/include/stdio.h:793: error: initializer expression list treated as compound expression
/usr/include/stdio.h:794: error: ‘FILE’ was not declared in this scope
/usr/include/stdio.h:794: error: ‘__stream’ was not declared in this scope
/usr/include/stdio.h:794: error: expected primary-expression before ‘const’
/usr/include/stdio.h:794: error: initializer expression list treated as compound expression
/usr/include/stdio.h:799: error: expected constructor, destructor, or type conversion before ‘extern’
/usr/include/stdio.h:801: error: ‘FILE’ was not declared in this scope
/usr/include/stdio.h:801: error: ‘__stream’ was not declared in this scope
/usr/include/stdio.h:801: error: expected ‘,’ or ‘;’ before ‘__THROW’
/usr/include/stdio.h:803: error: ‘FILE’ was not declared in this scope
/usr/include/stdio.h:803: error: ‘__stream’ was not declared in this scope
/usr/include/stdio.h:803: error: expected ‘,’ or ‘;’ before ‘__THROW’
/usr/include/stdio.h:808: error: expected constructor, destructor, or type conversion before ‘extern’
/usr/include/stdio.h:809: error: ‘FILE’ was not declared in this scope
/usr/include/stdio.h:809: error: ‘__stream’ was not declared in this scope
/usr/include/stdio.h:809: error: expected ‘,’ or ‘;’ before ‘__THROW’
/usr/include/stdio.h:810: error: ‘FILE’ was not declared in this scope
/usr/include/stdio.h:810: error: ‘__stream’ was not declared in this scope
/usr/include/stdio.h:810: error: expected ‘,’ or ‘;’ before ‘__THROW’
/usr/include/stdio.h:819: error: expected constructor, destructor, or type conversion before ‘extern’
In file included from /usr/include/stdio.h:826,
                 from /home/kienzler/.node-gyp/0.10.4/deps/v8/include/v8stdint.h:34,
                 from /home/kienzler/.node-gyp/0.10.4/deps/v8/include/v8.h:41,
                 from ../src/bufferutil.cc:7:
/usr/include/bits/sys_errlist.h:27: error: expected constructor, destructor, or type conversion before ‘extern’
In file included from /home/kienzler/.node-gyp/0.10.4/deps/v8/include/v8stdint.h:34,
                 from /home/kienzler/.node-gyp/0.10.4/deps/v8/include/v8.h:41,
                 from ../src/bufferutil.cc:7:
/usr/include/stdio.h:831: error: ‘FILE’ was not declared in this scope
/usr/include/stdio.h:831: error: ‘__stream’ was not declared in this scope
/usr/include/stdio.h:831: error: expected ‘,’ or ‘;’ before ‘__THROW’
/usr/include/stdio.h:836: error: ‘FILE’ was not declared in this scope
/usr/include/stdio.h:836: error: ‘__stream’ was not declared in this scope
/usr/include/stdio.h:836: error: expected ‘,’ or ‘;’ before ‘__THROW’
/usr/include/stdio.h:846: error: expected initializer before ‘*’ token
/usr/include/stdio.h:852: error: ‘FILE’ was not declared in this scope
/usr/include/stdio.h:852: error: ‘__stream’ was not declared in this scope
/usr/include/stdio.h:858: error: expected initializer before ‘__THROW’
/usr/include/stdio.h:874: error: expected initializer before ‘__THROW’
/usr/include/stdio.h:878: error: expected initializer before ‘__THROW’
/usr/include/stdio.h:886: error: variable or field ‘flockfile’ declared void
/usr/include/stdio.h:886: error: ‘FILE’ was not declared in this scope
/usr/include/stdio.h:886: error: ‘__stream’ was not declared in this scope
/usr/include/stdio.h:890: error: ‘FILE’ was not declared in this scope
/usr/include/stdio.h:890: error: ‘__stream’ was not declared in this scope
/usr/include/stdio.h:890: error: expected ‘,’ or ‘;’ before ‘__THROW’
/usr/include/stdio.h:893: error: variable or field ‘funlockfile’ declared void
/usr/include/stdio.h:893: error: ‘FILE’ was not declared in this scope
/usr/include/stdio.h:893: error: ‘__stream’ was not declared in this scope
In file included from /home/kienzler/.node-gyp/0.10.4/deps/v8/include/v8stdint.h:50,
                 from /home/kienzler/.node-gyp/0.10.4/deps/v8/include/v8.h:41,
                 from ../src/bufferutil.cc:7:
/usr/include/stdint.h:37: error: expected constructor, destructor, or type conversion before ‘typedef’
In file included from ../src/bufferutil.cc:7:
/home/kienzler/.node-gyp/0.10.4/deps/v8/include/v8.h:751: error: ‘FILE’ has not been declared
In file included from /usr/include/bits/fcntl.h:27,
                 from /usr/include/fcntl.h:34,
                 from /home/kienzler/.node-gyp/0.10.4/deps/uv/include/uv-private/uv-unix.h:29,
                 from /home/kienzler/.node-gyp/0.10.4/deps/uv/include/uv.h:67,
                 from /home/kienzler/.node-gyp/0.10.4/src/node.h:61,
                 from ../src/bufferutil.cc:8:
/usr/include/bits/uio.h:44: error: expected constructor, destructor, or type conversion before ‘struct’
In file included from /usr/include/fcntl.h:34,
                 from /home/kienzler/.node-gyp/0.10.4/deps/uv/include/uv-private/uv-unix.h:29,
                 from /home/kienzler/.node-gyp/0.10.4/deps/uv/include/uv.h:67,
                 from /home/kienzler/.node-gyp/0.10.4/src/node.h:61,
                 from ../src/bufferutil.cc:8:
/usr/include/bits/fcntl.h:264: error: expected constructor, destructor, or type conversion before ‘extern’
/usr/include/bits/fcntl.h:274: error: ‘ssize_t’ does not name a type
/usr/include/bits/fcntl.h:278: error: ‘ssize_t’ does not name a type
/usr/include/bits/fcntl.h:283: error: ‘ssize_t’ does not name a type
In file included from /home/kienzler/.node-gyp/0.10.4/deps/uv/include/uv-private/uv-unix.h:29,
                 from /home/kienzler/.node-gyp/0.10.4/deps/uv/include/uv.h:67,
                 from /home/kienzler/.node-gyp/0.10.4/src/node.h:61,
                 from ../src/bufferutil.cc:8:
/usr/include/fcntl.h:64: error: expected constructor, destructor, or type conversion before ‘extern’
/usr/include/fcntl.h:83: error: expected initializer before ‘__nonnull’
/usr/include/fcntl.h:109: error: expected initializer before ‘__nonnull’
/usr/include/fcntl.h:128: error: expected initializer before ‘__nonnull’
/usr/include/fcntl.h:177: error: expected initializer before ‘__THROW’
/usr/include/fcntl.h:208: error: ‘__END_DECLS’ does not name a type
In file included from /home/kienzler/.node-gyp/0.10.4/deps/uv/include/uv-private/uv-unix.h:32,
                 from /home/kienzler/.node-gyp/0.10.4/deps/uv/include/uv.h:67,
                 from /home/kienzler/.node-gyp/0.10.4/src/node.h:61,
                 from ../src/bufferutil.cc:8:
/usr/include/netinet/in.h:227: error: ‘sin_’ has not been declared
/usr/include/netinet/in.h:232: error: invalid application of ‘sizeof’ to incomplete type ‘sockaddr’ 
/usr/include/netinet/in.h:233: error: ‘__SOCKADDR_COMMON_SIZE’ was not declared in this scope
/usr/include/netinet/in.h:241: error: ‘sin6_’ has not been declared
/usr/include/netinet/in.h:293: error: field ‘gr_group’ has incomplete type
/usr/include/netinet/in.h:302: error: field ‘gsr_group’ has incomplete type
/usr/include/netinet/in.h:305: error: field ‘gsr_source’ has incomplete type
/usr/include/netinet/in.h:337: error: field ‘gf_group’ has incomplete type
/usr/include/netinet/in.h:345: error: field ‘gf_slist’ has incomplete type
In file included from /home/kienzler/.node-gyp/0.10.4/deps/uv/include/uv-private/uv-unix.h:32,
                 from /home/kienzler/.node-gyp/0.10.4/deps/uv/include/uv.h:67,
                 from /home/kienzler/.node-gyp/0.10.4/src/node.h:61,
                 from ../src/bufferutil.cc:8:
/usr/include/netinet/in.h:365: error: expected initializer before ‘__THROW’
/usr/include/netinet/in.h:367: error: expected initializer before ‘__THROW’
/usr/include/netinet/in.h:369: error: expected initializer before ‘__THROW’
/usr/include/netinet/in.h:371: error: expected initializer before ‘__THROW’
In file included from /home/kienzler/.node-gyp/0.10.4/deps/uv/include/uv-private/uv-unix.h:32,
                 from /home/kienzler/.node-gyp/0.10.4/deps/uv/include/uv.h:67,
                 from /home/kienzler/.node-gyp/0.10.4/src/node.h:61,
                 from ../src/bufferutil.cc:8:
/usr/include/netinet/in.h:440: error: expected initializer before ‘__THROW’
/usr/include/netinet/in.h:444: error: expected initializer before ‘__THROW’
/usr/include/netinet/in.h:487: error: expected initializer before ‘__THROW’
/usr/include/netinet/in.h:489: error: expected initializer before ‘__THROW’
/usr/include/netinet/in.h:492: error: expected initializer before ‘__THROW’
/usr/include/netinet/in.h:495: error: expected initializer before ‘__THROW’
/usr/include/netinet/in.h:498: error: expected initializer before ‘__THROW’
/usr/include/netinet/in.h:501: error: expected initializer before ‘__THROW’
/usr/include/netinet/in.h:505: error: ‘socklen_t’ has not been declared
/usr/include/netinet/in.h:505: error: expected initializer before ‘__THROW’
/usr/include/netinet/in.h:506: error: ‘socklen_t’ has not been declared
/usr/include/netinet/in.h:507: error: ‘socklen_t’ has not been declared
/usr/include/netinet/in.h:508: error: expected initializer before ‘__THROW’
/usr/include/netinet/in.h:509: error: ‘socklen_t’ has not been declared
/usr/include/netinet/in.h:510: error: expected initializer before ‘__THROW’
/usr/include/netinet/in.h:512: error: ‘socklen_t’ has not been declared
/usr/include/netinet/in.h:512: error: expected initializer before ‘__THROW’
/usr/include/netinet/in.h:513: error: ‘socklen_t’ has not been declared
/usr/include/netinet/in.h:514: error: ‘socklen_t’ has not been declared
/usr/include/netinet/in.h:515: error: expected initializer before ‘__THROW’
/usr/include/netinet/in.h:516: error: ‘socklen_t’ has not been declared
/usr/include/netinet/in.h:517: error: ‘socklen_t’ has not been declared
/usr/include/netinet/in.h:518: error: expected initializer before ‘__THROW’
/usr/include/netinet/in.h:520: error: ‘socklen_t’ has not been declared
/usr/include/netinet/in.h:520: error: expected initializer before ‘__THROW’
/usr/include/netinet/in.h:524: error: ‘socklen_t’ does not name a type
/usr/include/netinet/in.h:525: error: ‘socklen_t’ has not been declared
/usr/include/netinet/in.h:526: error: expected initializer before ‘__THROW’
/usr/include/netinet/in.h:527: error: expected initializer before ‘__THROW’
/usr/include/netinet/in.h:528: error: expected initializer before ‘__THROW’
/usr/include/netinet/in.h:529: error: expected initializer before ‘__THROW’
/usr/include/netinet/in.h:531: error: expected initializer before ‘__THROW’
/usr/include/netinet/in.h:540: error: expected initializer before ‘__THROW’
/usr/include/netinet/in.h:547: error: expected initializer before ‘__THROW’
/usr/include/netinet/in.h:553: error: ‘socklen_t’ has not been declared
/usr/include/netinet/in.h:555: error: expected initializer before ‘__THROW’
/usr/include/netinet/in.h:560: error: ‘socklen_t’ has not been declared
/usr/include/netinet/in.h:562: error: expected initializer before ‘__THROW’
In file included from /home/kienzler/.node-gyp/0.10.4/deps/uv/include/uv-private/uv-unix.h:33,
                 from /home/kienzler/.node-gyp/0.10.4/deps/uv/include/uv.h:67,
                 from /home/kienzler/.node-gyp/0.10.4/src/node.h:61,
                 from ../src/bufferutil.cc:8:
/usr/include/netinet/tcp.h:92: error: expected constructor, destructor, or type conversion before ‘struct’
/usr/include/netinet/tcp.h:190: error: ‘u_int8_t’ does not name a type
/usr/include/netinet/tcp.h:191: error: ‘u_int8_t’ does not name a type
/usr/include/netinet/tcp.h:192: error: ‘u_int8_t’ does not name a type
/usr/include/netinet/tcp.h:193: error: ‘u_int8_t’ does not name a type
/usr/include/netinet/tcp.h:194: error: ‘u_int8_t’ does not name a type
/usr/include/netinet/tcp.h:195: error: ‘u_int8_t’ does not name a type
/usr/include/netinet/tcp.h:196: error: ‘u_int8_t’ does not name a type
/usr/include/netinet/tcp.h:198: error: ‘u_int32_t’ does not name a type
/usr/include/netinet/tcp.h:199: error: ‘u_int32_t’ does not name a type
/usr/include/netinet/tcp.h:200: error: ‘u_int32_t’ does not name a type
/usr/include/netinet/tcp.h:201: error: ‘u_int32_t’ does not name a type
/usr/include/netinet/tcp.h:203: error: ‘u_int32_t’ does not name a type
/usr/include/netinet/tcp.h:204: error: ‘u_int32_t’ does not name a type
/usr/include/netinet/tcp.h:205: error: ‘u_int32_t’ does not name a type
/usr/include/netinet/tcp.h:206: error: ‘u_int32_t’ does not name a type
/usr/include/netinet/tcp.h:207: error: ‘u_int32_t’ does not name a type
/usr/include/netinet/tcp.h:210: error: ‘u_int32_t’ does not name a type
/usr/include/netinet/tcp.h:211: error: ‘u_int32_t’ does not name a type
/usr/include/netinet/tcp.h:212: error: ‘u_int32_t’ does not name a type
/usr/include/netinet/tcp.h:213: error: ‘u_int32_t’ does not name a type
/usr/include/netinet/tcp.h:216: error: ‘u_int32_t’ does not name a type
/usr/include/netinet/tcp.h:217: error: ‘u_int32_t’ does not name a type
/usr/include/netinet/tcp.h:218: error: ‘u_int32_t’ does not name a type
/usr/include/netinet/tcp.h:219: error: ‘u_int32_t’ does not name a type
/usr/include/netinet/tcp.h:220: error: ‘u_int32_t’ does not name a type
/usr/include/netinet/tcp.h:221: error: ‘u_int32_t’ does not name a type
/usr/include/netinet/tcp.h:222: error: ‘u_int32_t’ does not name a type
/usr/include/netinet/tcp.h:223: error: ‘u_int32_t’ does not name a type
/usr/include/netinet/tcp.h:225: error: ‘u_int32_t’ does not name a type
/usr/include/netinet/tcp.h:226: error: ‘u_int32_t’ does not name a type
/usr/include/netinet/tcp.h:228: error: ‘u_int32_t’ does not name a type
/usr/include/netinet/tcp.h:237: error: field ‘tcpm_addr’ has incomplete type
/usr/include/netinet/tcp.h:238: error: ‘u_int16_t’ does not name a type
/usr/include/netinet/tcp.h:239: error: ‘u_int16_t’ does not name a type
/usr/include/netinet/tcp.h:240: error: ‘u_int32_t’ does not name a type
/usr/include/netinet/tcp.h:241: error: ‘u_int8_t’ does not name a type
In file included from /home/kienzler/.node-gyp/0.10.4/deps/uv/include/uv-private/uv-unix.h:34,
                 from /home/kienzler/.node-gyp/0.10.4/deps/uv/include/uv.h:67,
                 from /home/kienzler/.node-gyp/0.10.4/src/node.h:61,
                 from ../src/bufferutil.cc:8:
/usr/include/arpa/inet.h:35: error: expected constructor, destructor, or type conversion before ‘extern’
/usr/include/arpa/inet.h:38: error: expected initializer before ‘__THROW’
/usr/include/arpa/inet.h:43: error: expected initializer before ‘__THROW’
/usr/include/arpa/inet.h:46: error: expected initializer before ‘__THROW’
/usr/include/arpa/inet.h:50: error: expected initializer before ‘__THROW’
/usr/include/arpa/inet.h:54: error: expected initializer before ‘__THROW’
/usr/include/arpa/inet.h:60: error: expected initializer before ‘__THROW’
/usr/include/arpa/inet.h:67: error: expected initializer before ‘__THROW’
/usr/include/arpa/inet.h:74: error: expected initializer before ‘__THROW’
/usr/include/arpa/inet.h:78: error: expected initializer before ‘__THROW’
/usr/include/arpa/inet.h:84: error: expected initializer before ‘__THROW’
/usr/include/arpa/inet.h:90: error: expected initializer before ‘__THROW’
/usr/include/arpa/inet.h:96: error: expected initializer before ‘__THROW’
/usr/include/arpa/inet.h:101: error: expected initializer before ‘__THROW’
/usr/include/arpa/inet.h:104: error: ‘__END_DECLS’ does not name a type
In file included from /usr/include/netdb.h:33,
                 from /home/kienzler/.node-gyp/0.10.4/deps/uv/include/uv-private/uv-unix.h:35,
                 from /home/kienzler/.node-gyp/0.10.4/deps/uv/include/uv.h:67,
                 from /home/kienzler/.node-gyp/0.10.4/src/node.h:61,
                 from ../src/bufferutil.cc:8:
/usr/include/rpc/netdb.h:53: error: expected initializer before ‘__THROW’
/usr/include/rpc/netdb.h:54: error: expected initializer before ‘__THROW’
/usr/include/rpc/netdb.h:55: error: expected initializer before ‘__THROW’
/usr/include/rpc/netdb.h:56: error: expected initializer before ‘__THROW’
/usr/include/rpc/netdb.h:57: error: expected initializer before ‘__THROW’
/usr/include/rpc/netdb.h:62: error: expected initializer before ‘__THROW’
/usr/include/rpc/netdb.h:66: error: expected initializer before ‘__THROW’
/usr/include/rpc/netdb.h:69: error: expected initializer before ‘__THROW’
In file included from /usr/include/netdb.h:38,
                 from /home/kienzler/.node-gyp/0.10.4/deps/uv/include/uv-private/uv-unix.h:35,
                 from /home/kienzler/.node-gyp/0.10.4/deps/uv/include/uv.h:67,
                 from /home/kienzler/.node-gyp/0.10.4/src/node.h:61,
                 from ../src/bufferutil.cc:8:
/usr/include/bits/siginfo.h:33: error: expected constructor, destructor, or type conversion before ‘typedef’
/usr/include/bits/siginfo.h:37: error: expected constructor, destructor, or type conversion before ‘;’ token
/usr/include/bits/siginfo.h:275: error: ‘sigval_t’ does not name a type
/usr/include/bits/siginfo.h:289: error: ‘sigval_t’ has not been declared
In file included from /home/kienzler/.node-gyp/0.10.4/deps/uv/include/uv-private/uv-unix.h:35,
                 from /home/kienzler/.node-gyp/0.10.4/deps/uv/include/uv.h:67,
                 from /home/kienzler/.node-gyp/0.10.4/src/node.h:61,
                 from ../src/bufferutil.cc:8:
/usr/include/netdb.h:61: error: expected constructor, destructor, or type conversion before ‘extern’
/usr/include/netdb.h:91: error: expected initializer before ‘__THROW’
/usr/include/netdb.h:94: error: expected initializer before ‘__THROW’
/usr/include/netdb.h:467: error: ‘sa_family_t’ has not been declared
/usr/include/netdb.h:495: error: ‘sa_family_t’ has not been declared
/usr/include/netdb.h:517: error: ‘sa_family_t’ has not been declared
/usr/include/netdb.h:541: error: ‘sa_family_t’ has not been declared
/usr/include/netdb.h:560: error: ‘sa_family_t’ has not been declared
/usr/include/netdb.h:668: error: expected initializer before ‘__THROW’
/usr/include/netdb.h:671: error: expected initializer before ‘__THROW’
/usr/include/netdb.h:692: error: ‘__restrict_arr’ was not declared in this scope
/usr/include/netdb.h:692: error: expected ‘)’ before ‘,’ token
/usr/include/netdb.h:693: error: expected unqualified-id before ‘int’
/usr/include/netdb.h:707: error: expected initializer before ‘__THROW’
/usr/include/netdb.h:710: error: expected initializer before ‘__THROW’
In file included from /home/kienzler/.node-gyp/0.10.4/deps/uv/include/uv-private/uv-unix.h:37,
                 from /home/kienzler/.node-gyp/0.10.4/deps/uv/include/uv.h:67,
                 from /home/kienzler/.node-gyp/0.10.4/src/node.h:61,
                 from ../src/bufferutil.cc:8:
/usr/include/termios.h:31: error: expected constructor, destructor, or type conversion before ‘typedef’
In file included from /usr/include/termios.h:40,
                 from /home/kienzler/.node-gyp/0.10.4/deps/uv/include/uv-private/uv-unix.h:37,
                 from /home/kienzler/.node-gyp/0.10.4/deps/uv/include/uv.h:67,
                 from /home/kienzler/.node-gyp/0.10.4/src/node.h:61,
                 from ../src/bufferutil.cc:8:
/usr/include/bits/termios.h:25: error: expected constructor, destructor, or type conversion before ‘typedef’
/usr/include/bits/termios.h:36: error: ‘cc_t’ does not name a type
/usr/include/bits/termios.h:37: error: ‘cc_t’ does not name a type
In file included from /home/kienzler/.node-gyp/0.10.4/deps/uv/include/uv-private/uv-unix.h:37,
                 from /home/kienzler/.node-gyp/0.10.4/deps/uv/include/uv.h:67,
                 from /home/kienzler/.node-gyp/0.10.4/src/node.h:61,
                 from ../src/bufferutil.cc:8:
/usr/include/termios.h:49: error: expected initializer before ‘__THROW’
/usr/include/termios.h:52: error: expected initializer before ‘__THROW’
/usr/include/termios.h:55: error: expected initializer before ‘__THROW’
/usr/include/termios.h:58: error: expected initializer before ‘__THROW’
/usr/include/termios.h:62: error: expected initializer before ‘__THROW’
/usr/include/termios.h:67: error: expected initializer before ‘__THROW’
/usr/include/termios.h:72: error: expected initializer before ‘__THROW’
/usr/include/termios.h:77: error: expected initializer before ‘__THROW’
/usr/include/termios.h:81: error: expected initializer before ‘__THROW’
/usr/include/termios.h:91: error: expected initializer before ‘__THROW’
/usr/include/termios.h:95: error: expected initializer before ‘__THROW’
/usr/include/termios.h:100: error: expected initializer before ‘__THROW’
/usr/include/termios.h:108: error: ‘__END_DECLS’ does not name a type
In file included from /home/kienzler/.node-gyp/0.10.4/deps/uv/include/uv-private/uv-unix.h:38,
                 from /home/kienzler/.node-gyp/0.10.4/deps/uv/include/uv.h:67,
                 from /home/kienzler/.node-gyp/0.10.4/src/node.h:61,
                 from ../src/bufferutil.cc:8:
/usr/include/pwd.h:95: error: ‘FILE’ was not declared in this scope
/usr/include/pwd.h:95: error: ‘__stream’ was not declared in this scope
/usr/include/pwd.h:104: error: ‘FILE’ has not been declared
/usr/include/pwd.h:164: error: ‘FILE’ was not declared in this scope
/usr/include/pwd.h:164: error: expected primary-expression before ‘__restrict__’
/usr/include/pwd.h:165: error: expected primary-expression before ‘struct’
/usr/include/pwd.h:166: error: expected primary-expression before ‘char’
/usr/include/pwd.h:166: error: expected primary-expression before ‘__buflen’
/usr/include/pwd.h:167: error: expected primary-expression before ‘struct’
/usr/include/pwd.h:167: error: initializer expression list treated as compound expression
In file included from /usr/include/semaphore.h:30,
                 from /home/kienzler/.node-gyp/0.10.4/deps/uv/include/uv-private/uv-unix.h:40,
                 from /home/kienzler/.node-gyp/0.10.4/deps/uv/include/uv.h:67,
                 from /home/kienzler/.node-gyp/0.10.4/src/node.h:61,
                 from ../src/bufferutil.cc:8:
/usr/include/bits/semaphore.h:37: error: expected constructor, destructor, or type conversion before ‘typedef’
/usr/include/bits/semaphore.h:41: error: expected constructor, destructor, or type conversion before ‘;’ token
In file included from /home/kienzler/.node-gyp/0.10.4/deps/uv/include/uv-private/uv-unix.h:40,
                 from /home/kienzler/.node-gyp/0.10.4/deps/uv/include/uv.h:67,
                 from /home/kienzler/.node-gyp/0.10.4/src/node.h:61,
                 from ../src/bufferutil.cc:8:
/usr/include/semaphore.h:37: error: expected constructor, destructor, or type conversion before ‘extern’
/usr/include/semaphore.h:40: error: ‘sem_t’ was not declared in this scope
/usr/include/semaphore.h:40: error: ‘__sem’ was not declared in this scope
/usr/include/semaphore.h:40: error: expected ‘,’ or ‘;’ before ‘__THROW’
/usr/include/semaphore.h:43: error: expected initializer before ‘*’ token
/usr/include/semaphore.h:46: error: ‘sem_t’ was not declared in this scope
/usr/include/semaphore.h:46: error: ‘__sem’ was not declared in this scope
/usr/include/semaphore.h:46: error: expected ‘,’ or ‘;’ before ‘__THROW’
/usr/include/semaphore.h:49: error: expected initializer before ‘__THROW’
/usr/include/semaphore.h:55: error: ‘sem_t’ was not declared in this scope
/usr/include/semaphore.h:55: error: ‘__sem’ was not declared in this scope
/usr/include/semaphore.h:62: error: ‘sem_t’ was not declared in this scope
/usr/include/semaphore.h:62: error: expected primary-expression before ‘__restrict__’
/usr/include/semaphore.h:63: error: expected primary-expression before ‘const’
/usr/include/semaphore.h:63: error: initializer expression list treated as compound expression
/usr/include/semaphore.h:67: error: ‘sem_t’ was not declared in this scope
/usr/include/semaphore.h:67: error: ‘__sem’ was not declared in this scope
/usr/include/semaphore.h:67: error: expected ‘,’ or ‘;’ before ‘__THROW’
/usr/include/semaphore.h:70: error: ‘sem_t’ was not declared in this scope
/usr/include/semaphore.h:70: error: ‘__sem’ was not declared in this scope
/usr/include/semaphore.h:70: error: expected ‘,’ or ‘;’ before ‘__THROW’
/usr/include/semaphore.h:73: error: ‘sem_t’ was not declared in this scope
/usr/include/semaphore.h:73: error: expected primary-expression before ‘__restrict__’
/usr/include/semaphore.h:73: error: expected primary-expression before ‘int’
/usr/include/semaphore.h:73: error: initializer expression list treated as compound expression
/usr/include/semaphore.h:74: error: expected ‘,’ or ‘;’ before ‘__THROW’
In file included from /usr/include/sched.h:35,
                 from /usr/include/pthread.h:25,
                 from /home/kienzler/.node-gyp/0.10.4/deps/uv/include/uv-private/uv-unix.h:41,
                 from /home/kienzler/.node-gyp/0.10.4/deps/uv/include/uv.h:67,
                 from /home/kienzler/.node-gyp/0.10.4/src/node.h:61,
                 from ../src/bufferutil.cc:8:
/usr/include/bits/sched.h:71: error: expected constructor, destructor, or type conversion before ‘struct’
/usr/include/bits/sched.h:80: error: expected constructor, destructor, or type conversion before ‘extern’
/usr/include/bits/sched.h:84: error: expected initializer before ‘__THROW’
/usr/include/bits/sched.h:87: error: expected initializer before ‘__THROW’
/usr/include/bits/sched.h:98: error: expected constructor, destructor, or type conversion before ‘struct’
/usr/include/bits/sched.h:198: error: expected constructor, destructor, or type conversion before ‘extern’
/usr/include/bits/sched.h:200: error: expected initializer before ‘__THROW’
/usr/include/bits/sched.h:201: error: expected initializer before ‘__THROW’
/usr/include/bits/sched.h:203: error: ‘__END_DECLS’ does not name a type
In file included from /usr/include/pthread.h:25,
                 from /home/kienzler/.node-gyp/0.10.4/deps/uv/include/uv-private/uv-unix.h:41,
                 from /home/kienzler/.node-gyp/0.10.4/deps/uv/include/uv.h:67,
                 from /home/kienzler/.node-gyp/0.10.4/src/node.h:61,
                 from ../src/bufferutil.cc:8:
/usr/include/sched.h:47: error: expected initializer before ‘__THROW’
/usr/include/sched.h:51: error: expected initializer before ‘__THROW’
/usr/include/sched.h:54: error: expected initializer before ‘__THROW’
/usr/include/sched.h:57: error: expected initializer before ‘__THROW’
/usr/include/sched.h:60: error: expected initializer before ‘__THROW’
/usr/include/sched.h:63: error: expected initializer before ‘__THROW’
/usr/include/sched.h:66: error: expected initializer before ‘__THROW’
/usr/include/sched.h:111: error: expected initializer before ‘__THROW’
/usr/include/sched.h:115: error: expected initializer before ‘__THROW’
/usr/include/sched.h:118: error: ‘__END_DECLS’ does not name a type
In file included from /usr/include/pthread.h:26,
                 from /home/kienzler/.node-gyp/0.10.4/deps/uv/include/uv-private/uv-unix.h:41,
                 from /home/kienzler/.node-gyp/0.10.4/deps/uv/include/uv.h:67,
                 from /home/kienzler/.node-gyp/0.10.4/src/node.h:61,
                 from ../src/bufferutil.cc:8:
/usr/include/time.h:61: error: ‘__END_NAMESPACE_STD’ does not name a type
/usr/include/time.h:77: error: ‘__END_NAMESPACE_STD’ does not name a type
/usr/include/time.h:133: error: expected constructor, destructor, or type conversion before ‘struct’
/usr/include/time.h:153: error: ‘__END_NAMESPACE_STD’ does not name a type
/usr/include/time.h:183: error: expected constructor, destructor, or type conversion before ‘extern’
/usr/include/time.h:186: error: ‘time_t’ does not name a type
/usr/include/time.h:189: error: ‘time_t’ was not declared in this scope
/usr/include/time.h:189: error: ‘time_t’ was not declared in this scope
/usr/include/time.h:189: error: initializer expression list treated as compound expression
/usr/include/time.h:190: error: expected ‘,’ or ‘;’ before ‘__THROW’
/usr/include/time.h:193: error: ‘time_t’ does not name a type
/usr/include/time.h:201: error: expected initializer before ‘__THROW’
/usr/include/time.h:207: error: expected constructor, destructor, or type conversion before ‘extern’
In file included from /usr/include/pthread.h:26,
                 from /home/kienzler/.node-gyp/0.10.4/deps/uv/include/uv-private/uv-unix.h:41,
                 from /home/kienzler/.node-gyp/0.10.4/deps/uv/include/uv.h:67,
                 from /home/kienzler/.node-gyp/0.10.4/src/node.h:61,
                 from ../src/bufferutil.cc:8:
/usr/include/time.h:220: error: expected initializer before ‘__THROW’
/usr/include/time.h:226: error: expected initializer before ‘__THROW’
/usr/include/time.h:233: error: expected constructor, destructor, or type conversion before ‘extern’
/usr/include/time.h:237: error: expected ‘,’ or ‘...’ before ‘*’ token
/usr/include/time.h:237: error: expected initializer before ‘__THROW’
/usr/include/time.h:243: error: expected constructor, destructor, or type conversion before ‘extern’
/usr/include/time.h:248: error: expected ‘,’ or ‘...’ before ‘*’ token
/usr/include/time.h:249: error: expected initializer before ‘__THROW’
/usr/include/time.h:255: error: expected constructor, destructor, or type conversion before ‘extern’
/usr/include/time.h:258: error: expected ‘,’ or ‘...’ before ‘*’ token
/usr/include/time.h:258: error: expected initializer before ‘__THROW’
/usr/include/time.h:266: error: expected constructor, destructor, or type conversion before ‘extern’
/usr/include/time.h:270: error: expected ‘,’ or ‘...’ before ‘*’ token
/usr/include/time.h:271: error: expected initializer before ‘__THROW’
/usr/include/time.h:287: error: expected initializer before ‘__THROW’
/usr/include/time.h:298: error: expected ‘,’ or ‘...’ before ‘*’ token
/usr/include/time.h:298: error: expected initializer before ‘__THROW’
/usr/include/time.h:313: error: ‘time_t’ does not name a type
/usr/include/time.h:316: error: ‘time_t’ does not name a type
/usr/include/time.h:319: error: expected initializer before ‘__THROW’
/usr/include/time.h:333: error: ‘clockid_t’ was not declared in this scope
/usr/include/time.h:333: error: expected primary-expression before ‘struct’
/usr/include/time.h:333: error: initializer expression list treated as compound expression
/usr/include/time.h:333: error: expected ‘,’ or ‘;’ before ‘__THROW’
/usr/include/time.h:336: error: ‘clockid_t’ was not declared in this scope
/usr/include/time.h:336: error: expected primary-expression before ‘struct’
/usr/include/time.h:336: error: initializer expression list treated as compound expression
/usr/include/time.h:336: error: expected ‘,’ or ‘;’ before ‘__THROW’
/usr/include/time.h:339: error: ‘clockid_t’ was not declared in this scope
/usr/include/time.h:339: error: expected primary-expression before ‘const’
/usr/include/time.h:339: error: initializer expression list treated as compound expression
/usr/include/time.h:340: error: expected ‘,’ or ‘;’ before ‘__THROW’
/usr/include/time.h:347: error: ‘clockid_t’ was not declared in this scope
/usr/include/time.h:347: error: expected primary-expression before ‘int’
/usr/include/time.h:348: error: expected primary-expression before ‘const’
/usr/include/time.h:349: error: expected primary-expression before ‘struct’
/usr/include/time.h:349: error: initializer expression list treated as compound expression
/usr/include/time.h:352: error: ‘pid_t’ was not declared in this scope
/usr/include/time.h:352: error: ‘clockid_t’ was not declared in this scope
/usr/include/time.h:352: error: ‘__clock_id’ was not declared in this scope
/usr/include/time.h:352: error: initializer expression list treated as compound expression
/usr/include/time.h:352: error: expected ‘,’ or ‘;’ before ‘__THROW’
/usr/include/time.h:357: error: ‘clockid_t’ was not declared in this scope
/usr/include/time.h:358: error: expected primary-expression before ‘struct’
/usr/include/time.h:359: error: expected primary-expression before ‘*’ token
/usr/include/time.h:359: error: expected primary-expression before ‘__restrict__’
/usr/include/time.h:359: error: initializer expression list treated as compound expression
/usr/include/time.h:359: error: expected ‘,’ or ‘;’ before ‘__THROW’
/usr/include/time.h:362: error: expected initializer before ‘__THROW’
/usr/include/time.h:367: error: expected initializer before ‘__THROW’
/usr/include/time.h:371: error: expected initializer before ‘__THROW’
/usr/include/time.h:374: error: expected initializer before ‘__THROW’
/usr/include/time.h:417: error: ‘__END_DECLS’ does not name a type
In file included from /usr/include/pthread.h:30,
                 from /home/kienzler/.node-gyp/0.10.4/deps/uv/include/uv-private/uv-unix.h:41,
                 from /home/kienzler/.node-gyp/0.10.4/deps/uv/include/uv.h:67,
                 from /home/kienzler/.node-gyp/0.10.4/src/node.h:61,
                 from ../src/bufferutil.cc:8:
/usr/include/bits/pthreadtypes.h:50: error: expected constructor, destructor, or type conversion before ‘typedef’
In file included from /home/kienzler/.node-gyp/0.10.4/deps/uv/include/uv-private/uv-unix.h:41,
                 from /home/kienzler/.node-gyp/0.10.4/deps/uv/include/uv.h:67,
                 from /home/kienzler/.node-gyp/0.10.4/src/node.h:61,
                 from ../src/bufferutil.cc:8:
/usr/include/pthread.h:227: error: expected constructor, destructor, or type conversion before ‘extern’
/usr/include/pthread.h:244: error: ‘pthread_t’ was not declared in this scope
/usr/include/pthread.h:244: error: expected primary-expression before ‘void’
/usr/include/pthread.h:244: error: initializer expression list treated as compound expression
/usr/include/pthread.h:249: error: ‘pthread_t’ was not declared in this scope
/usr/include/pthread.h:249: error: expected primary-expression before ‘void’
/usr/include/pthread.h:249: error: initializer expression list treated as compound expression
/usr/include/pthread.h:249: error: expected ‘,’ or ‘;’ before ‘__THROW’
/usr/include/pthread.h:257: error: ‘pthread_t’ was not declared in this scope
/usr/include/pthread.h:257: error: expected primary-expression before ‘void’
/usr/include/pthread.h:258: error: expected primary-expression before ‘const’
/usr/include/pthread.h:258: error: initializer expression list treated as compound expression
/usr/include/pthread.h:265: error: ‘pthread_t’ was not declared in this scope
/usr/include/pthread.h:265: error: expected ‘,’ or ‘;’ before ‘__THROW’
/usr/include/pthread.h:269: error: ‘pthread_t’ does not name a type
/usr/include/pthread.h:272: error: ‘pthread_t’ was not declared in this scope
/usr/include/pthread.h:272: error: ‘pthread_t’ was not declared in this scope
/usr/include/pthread.h:272: error: initializer expression list treated as compound expression
/usr/include/pthread.h:272: error: expected ‘,’ or ‘;’ before ‘__THROW’
/usr/include/pthread.h:280: error: expected initializer before ‘__THROW’
/usr/include/pthread.h:284: error: expected initializer before ‘__THROW’
/usr/include/pthread.h:289: error: expected initializer before ‘__THROW’
/usr/include/pthread.h:294: error: expected initializer before ‘__THROW’
/usr/include/pthread.h:300: error: expected initializer before ‘__THROW’
/usr/include/pthread.h:305: error: expected initializer before ‘__THROW’
/usr/include/pthread.h:312: error: expected initializer before ‘__THROW’
/usr/include/pthread.h:317: error: expected initializer before ‘__THROW’
/usr/include/pthread.h:322: error: expected initializer before ‘__THROW’
/usr/include/pthread.h:326: error: expected initializer before ‘__THROW’
/usr/include/pthread.h:331: error: expected initializer before ‘__THROW’
/usr/include/pthread.h:336: error: expected initializer before ‘__THROW’
/usr/include/pthread.h:342: error: expected initializer before ‘__THROW’
/usr/include/pthread.h:346: error: expected initializer before ‘__THROW’
/usr/include/pthread.h:351: error: expected initializer before ‘__THROW’
/usr/include/pthread.h:359: error: expected initializer before ‘__THROW’
/usr/include/pthread.h:364: error: expected initializer before ‘__THROW’
/usr/include/pthread.h:371: error: expected initializer before ‘__THROW’
/usr/include/pthread.h:378: error: expected initializer before ‘__THROW’
/usr/include/pthread.h:384: error: expected initializer before ‘__THROW’
/usr/include/pthread.h:393: error: expected initializer before ‘__THROW’
/usr/include/pthread.h:400: error: expected initializer before ‘__THROW’
/usr/include/pthread.h:406: error: ‘pthread_t’ was not declared in this scope
/usr/include/pthread.h:406: error: expected primary-expression before ‘*’ token
/usr/include/pthread.h:406: error: ‘__attr’ was not declared in this scope
/usr/include/pthread.h:406: error: initializer expression list treated as compound expression
/usr/include/pthread.h:407: error: expected ‘,’ or ‘;’ before ‘__THROW’
/usr/include/pthread.h:415: error: ‘pthread_t’ was not declared in this scope
/usr/include/pthread.h:415: error: expected primary-expression before ‘int’
/usr/include/pthread.h:416: error: expected primary-expression before ‘const’
/usr/include/pthread.h:416: error: initializer expression list treated as compound expression
/usr/include/pthread.h:417: error: expected ‘,’ or ‘;’ before ‘__THROW’
/usr/include/pthread.h:420: error: ‘pthread_t’ was not declared in this scope
/usr/include/pthread.h:421: error: expected primary-expression before ‘int’
/usr/include/pthread.h:422: error: expected primary-expression before ‘struct’
/usr/include/pthread.h:422: error: initializer expression list treated as compound expression
/usr/include/pthread.h:423: error: expected ‘,’ or ‘;’ before ‘__THROW’
/usr/include/pthread.h:426: error: ‘pthread_t’ was not declared in this scope
/usr/include/pthread.h:426: error: expected primary-expression before ‘int’
/usr/include/pthread.h:426: error: initializer expression list treated as compound expression
/usr/include/pthread.h:427: error: expected ‘,’ or ‘;’ before ‘__THROW’
/usr/include/pthread.h:432: error: expected initializer before ‘__THROW’
/usr/include/pthread.h:435: error: expected initializer before ‘__THROW’
/usr/include/pthread.h:443: error: expected initializer before ‘__THROW’
/usr/include/pthread.h:448: error: ‘pthread_t’ was not declared in this scope
/usr/include/pthread.h:448: error: expected primary-expression before ‘__cpusetsize’
/usr/include/pthread.h:449: error: expected primary-expression before ‘const’
/usr/include/pthread.h:449: error: initializer expression list treated as compound expression
/usr/include/pthread.h:450: error: expected ‘,’ or ‘;’ before ‘__THROW’
/usr/include/pthread.h:453: error: ‘pthread_t’ was not declared in this scope
/usr/include/pthread.h:453: error: expected primary-expression before ‘__cpusetsize’
/usr/include/pthread.h:454: error: expected primary-expression before ‘*’ token
/usr/include/pthread.h:454: error: ‘__cpuset’ was not declared in this scope
/usr/include/pthread.h:454: error: initializer expression list treated as compound expression
/usr/include/pthread.h:455: error: expected ‘,’ or ‘;’ before ‘__THROW’
/usr/include/pthread.h:469: error: expected initializer before ‘__nonnull’
/usr/include/pthread.h:487: error: ‘pthread_t’ was not declared in this scope
/usr/include/pthread.h:717: error: expected initializer before ‘__THROW’
/usr/include/pthread.h:725: error: expected initializer before ‘__THROW’
/usr/include/pthread.h:729: error: expected initializer before ‘__THROW’
/usr/include/pthread.h:733: error: expected initializer before ‘__THROW’
/usr/include/pthread.h:737: error: expected initializer before ‘__THROW’
/usr/include/pthread.h:743: error: expected initializer before ‘__THROW’
/usr/include/pthread.h:748: error: expected initializer before ‘__THROW’
/usr/include/pthread.h:756: error: expected initializer before ‘__THROW’
/usr/include/pthread.h:763: error: expected initializer before ‘__THROW’
/usr/include/pthread.h:770: error: expected initializer before ‘__THROW’
/usr/include/pthread.h:773: error: expected initializer before ‘__THROW’
/usr/include/pthread.h:783: error: expected initializer before ‘__THROW’
/usr/include/pthread.h:787: error: expected initializer before ‘__THROW’
/usr/include/pthread.h:793: error: expected initializer before ‘__THROW’
/usr/include/pthread.h:798: error: expected initializer before ‘__THROW’
/usr/include/pthread.h:804: error: expected initializer before ‘__THROW’
/usr/include/pthread.h:810: error: expected initializer before ‘__THROW’
/usr/include/pthread.h:816: error: expected initializer before ‘__THROW’
/usr/include/pthread.h:822: error: expected initializer before ‘__THROW’
/usr/include/pthread.h:828: error: expected initializer before ‘__THROW’
/usr/include/pthread.h:833: error: expected initializer before ‘__THROW’
/usr/include/pthread.h:840: error: expected initializer before ‘__THROW’
/usr/include/pthread.h:844: error: expected initializer before ‘__THROW’
/usr/include/pthread.h:850: error: expected initializer before ‘__THROW’
/usr/include/pthread.h:854: error: expected initializer before ‘__THROW’
/usr/include/pthread.h:866: error: expected initializer before ‘__THROW’
/usr/include/pthread.h:870: error: expected initializer before ‘__THROW’
/usr/include/pthread.h:874: error: expected initializer before ‘__THROW’
/usr/include/pthread.h:878: error: expected initializer before ‘__THROW’
/usr/include/pthread.h:884: error: expected initializer before ‘__THROW’
/usr/include/pthread.h:889: error: expected initializer before ‘__THROW’
/usr/include/pthread.h:893: error: expected initializer before ‘__THROW’
/usr/include/pthread.h:899: error: expected initializer before ‘__THROW’
/usr/include/pthread.h:904: error: expected initializer before ‘__THROW’
/usr/include/pthread.h:911: error: expected initializer before ‘__THROW’
/usr/include/pthread.h:915: error: expected initializer before ‘__THROW’
/usr/include/pthread.h:921: error: expected initializer before ‘__THROW’
/usr/include/pthread.h:926: error: expected initializer before ‘__THROW’
/usr/include/pthread.h:932: error: expected initializer before ‘__THROW’
/usr/include/pthread.h:936: error: expected initializer before ‘__THROW’
/usr/include/pthread.h:946: error: expected initializer before ‘__THROW’
/usr/include/pthread.h:950: error: expected initializer before ‘__THROW’
/usr/include/pthread.h:954: error: expected initializer before ‘__THROW’
/usr/include/pthread.h:958: error: expected initializer before ‘__THROW’
/usr/include/pthread.h:967: error: expected initializer before ‘__nonnull’
/usr/include/pthread.h:979: error: expected initializer before ‘__nonnull’
/usr/include/pthread.h:985: error: expected initializer before ‘__THROW’
/usr/include/pthread.h:989: error: expected initializer before ‘__THROW’
/usr/include/pthread.h:995: error: expected initializer before ‘__THROW’
/usr/include/pthread.h:999: error: expected initializer before ‘__THROW’
/usr/include/pthread.h:1006: error: expected initializer before ‘__THROW’
/usr/include/pthread.h:1011: error: expected initializer before ‘__THROW’
/usr/include/pthread.h:1021: error: expected initializer before ‘__THROW’
/usr/include/pthread.h:1025: error: expected initializer before ‘__THROW’
/usr/include/pthread.h:1029: error: expected initializer before ‘__THROW’
/usr/include/pthread.h:1033: error: expected initializer before ‘__THROW’
/usr/include/pthread.h:1037: error: expected initializer before ‘__THROW’
/usr/include/pthread.h:1047: error: expected initializer before ‘__THROW’
/usr/include/pthread.h:1051: error: expected initializer before ‘__THROW’
/usr/include/pthread.h:1055: error: expected initializer before ‘__THROW’
/usr/include/pthread.h:1060: error: expected initializer before ‘__THROW’
/usr/include/pthread.h:1064: error: expected initializer before ‘__THROW’
/usr/include/pthread.h:1070: error: expected initializer before ‘__THROW’
/usr/include/pthread.h:1075: error: expected initializer before ‘__THROW’
/usr/include/pthread.h:1089: error: expected initializer before ‘__THROW’
/usr/include/pthread.h:1092: error: expected initializer before ‘__THROW’
/usr/include/pthread.h:1095: error: expected initializer before ‘__THROW’
/usr/include/pthread.h:1099: error: expected initializer before ‘__THROW’
/usr/include/pthread.h:1104: error: ‘pthread_t’ was not declared in this scope
/usr/include/pthread.h:1105: error: expected primary-expression before ‘*’ token
/usr/include/pthread.h:1105: error: ‘__clock_id’ was not declared in this scope
/usr/include/pthread.h:1105: error: initializer expression list treated as compound expression
/usr/include/pthread.h:1106: error: expected ‘,’ or ‘;’ before ‘__THROW’
/usr/include/pthread.h:1123: error: expected initializer before ‘__THROW’
/usr/include/pthread.h:1135: error: ‘__END_DECLS’ does not name a type
In file included from /home/kienzler/.node-gyp/0.10.4/deps/uv/include/uv-private/uv-unix.h:42,
                 from /home/kienzler/.node-gyp/0.10.4/deps/uv/include/uv.h:67,
                 from /home/kienzler/.node-gyp/0.10.4/src/node.h:61,
                 from ../src/bufferutil.cc:8:
/usr/include/signal.h:41: error: expected constructor, destructor, or type conversion before ‘typedef’
In file included from /usr/include/signal.h:79,
                 from /home/kienzler/.node-gyp/0.10.4/deps/uv/include/uv-private/uv-unix.h:42,
                 from /home/kienzler/.node-gyp/0.10.4/deps/uv/include/uv.h:67,
                 from /home/kienzler/.node-gyp/0.10.4/src/node.h:61,
                 from ../src/bufferutil.cc:8:
/usr/include/bits/siginfo.h:51: error: expected constructor, destructor, or type conversion before ‘typedef’
../src/bufferutil.cc:116: error: expected ‘}’ at end of input
make: *** [Release/obj.target/bufferutil/src/bufferutil.o] Fehler 1
gyp ERR! build error 
gyp ERR! stack Error: `make` failed with exit code: 2
gyp ERR! stack     at ChildProcess.onExit (/usr/local/lib/node_modules/npm/node_modules/node-gyp/lib/build.js:267:23)
gyp ERR! stack     at ChildProcess.EventEmitter.emit (events.js:98:17)
gyp ERR! stack     at Process.ChildProcess._handle.onexit (child_process.js:784:12)
gyp ERR! System Linux 2.6.32-5-amd64
gyp ERR! command "node" "/usr/local/lib/node_modules/npm/node_modules/node-gyp/bin/node-gyp.js" "rebuild"
gyp ERR! cwd /home/kienzler/public_html/nodejs/iot/node_modules/socket.io/node_modules/socket.io-client/node_modules/ws
gyp ERR! node -v v0.10.4
gyp ERR! node-gyp -v v0.9.5
gyp ERR! not ok 
